<?xml version="1.0" encoding="UTF-8"?>
<!-- Generated by org.testng.reporters.JUnitReportReporter -->
<testsuite hostname="INDIA-PC" name="example.NewTest" tests="1" failures="0" timestamp="19 Jan 2018 11:19:14 GMT" time="5.135" errors="0">
  <testcase name="f" time="5.135" classname="example.NewTest"/>
</testsuite> <!-- example.NewTest -->
